\BOOKMARK [1][-]{section.1}{Introduction}{}% 1
\BOOKMARK [1][-]{section.2}{Vision}{}% 2
\BOOKMARK [1][-]{section.3}{Background}{}% 3
\BOOKMARK [1][-]{section.4}{Architecture Requirements}{}% 4
\BOOKMARK [2][-]{subsection.4.1}{Access Channel Requirements}{section.4}% 5
\BOOKMARK [2][-]{subsection.4.2}{Quality Requirements}{section.4}% 6
\BOOKMARK [2][-]{subsection.4.3}{Integration Requirements}{section.4}% 7
\BOOKMARK [2][-]{subsection.4.4}{Architecture Constrains}{section.4}% 8
\BOOKMARK [3][-]{subsubsection.4.4.1}{ Since the system will be web-based, technologies that guide in building web pages will be needed, i.e.:}{subsection.4.4}% 9
\BOOKMARK [3][-]{subsubsection.4.4.2}{ Architecture Patterns / Framework }{subsection.4.4}% 10
\BOOKMARK [1][-]{section.5}{Functional Requirements and application design}{}% 11
\BOOKMARK [2][-]{subsection.5.1}{ Use Case Prioritization}{section.5}% 12
\BOOKMARK [2][-]{subsection.5.2}{ Use case/Services contracts}{section.5}% 13
\BOOKMARK [2][-]{subsection.5.3}{Functionality Requirements}{section.5}% 14
\BOOKMARK [3][-]{subsubsection.5.3.1}{Server Functional Requirements}{subsection.5.3}% 15
\BOOKMARK [3][-]{subsubsection.5.3.2}{Connection}{subsection.5.3}% 16
\BOOKMARK [3][-]{subsubsection.5.3.3}{Database Connection}{subsection.5.3}% 17
\BOOKMARK [3][-]{subsubsection.5.3.4}{Send paper to browser client}{subsection.5.3}% 18
\BOOKMARK [3][-]{subsubsection.5.3.5}{Get paper from browser client}{subsection.5.3}% 19
\BOOKMARK [3][-]{subsubsection.5.3.6}{Send Author list to browser client}{subsection.5.3}% 20
\BOOKMARK [3][-]{subsubsection.5.3.7}{User Identification}{subsection.5.3}% 21
\BOOKMARK [3][-]{subsubsection.5.3.8}{Process Specifications}{subsection.5.3}% 22
\BOOKMARK [3][-]{subsubsection.5.3.9}{Browser Client Functional requirements}{subsection.5.3}% 23
\BOOKMARK [3][-]{subsubsection.5.3.10}{Log in to server}{subsection.5.3}% 24
\BOOKMARK [3][-]{subsubsection.5.3.11}{Locate paper data}{subsection.5.3}% 25
\BOOKMARK [3][-]{subsubsection.5.3.12}{Manipulate paper}{subsection.5.3}% 26
\BOOKMARK [3][-]{subsubsection.5.3.13}{View author list}{subsection.5.3}% 27
\BOOKMARK [2][-]{subsection.5.4}{Research Portal}{section.5}% 28
\BOOKMARK [3][-]{subsubsection.5.4.1}{User Registration}{subsection.5.4}% 29
\BOOKMARK [3][-]{subsubsection.5.4.2}{User Login}{subsection.5.4}% 30
\BOOKMARK [3][-]{subsubsection.5.4.3}{Create/Remove Research Publication}{subsection.5.4}% 31
\BOOKMARK [3][-]{subsubsection.5.4.4}{View/Modify Research Publication}{subsection.5.4}% 32
\BOOKMARK [2][-]{subsection.5.5}{Domain Model}{section.5}% 33
\BOOKMARK [1][-]{section.6}{Open Issues}{}% 34
\BOOKMARK [1][-]{section.7}{Architecture Requirements}{}% 35
\BOOKMARK [2][-]{subsection.7.1}{Architectural Scope}{section.7}% 36
\BOOKMARK [2][-]{subsection.7.2}{Quality Requirements}{section.7}% 37
\BOOKMARK [3][-]{subsubsection.7.2.1}{Critical importance}{subsection.7.2}% 38
\BOOKMARK [3][-]{subsubsection.7.2.2}{Important}{subsection.7.2}% 39
\BOOKMARK [3][-]{subsubsection.7.2.3}{Lesser Importance}{subsection.7.2}% 40
\BOOKMARK [2][-]{subsection.7.3}{Integration and Access Channel Requirements}{section.7}% 41
\BOOKMARK [3][-]{subsubsection.7.3.1}{Human Access Channels}{subsection.7.3}% 42
\BOOKMARK [3][-]{subsubsection.7.3.2}{System Access Channels}{subsection.7.3}% 43
\BOOKMARK [3][-]{subsubsection.7.3.3}{Protocols}{subsection.7.3}% 44
\BOOKMARK [2][-]{subsection.7.4}{Architectural constraints}{section.7}% 45
\BOOKMARK [1][-]{section.8}{Architectural patterns or styles}{}% 46
\BOOKMARK [2][-]{subsection.8.1}{MVC Architecture }{section.8}% 47
\BOOKMARK [3][-]{subsubsection.8.1.1}{Model}{subsection.8.1}% 48
\BOOKMARK [3][-]{subsubsection.8.1.2}{View}{subsection.8.1}% 49
\BOOKMARK [3][-]{subsubsection.8.1.3}{Controller}{subsection.8.1}% 50
\BOOKMARK [2][-]{subsection.8.2}{Reasons to use MVC}{section.8}% 51
\BOOKMARK [2][-]{subsection.8.3}{Multitier architecture}{section.8}% 52
\BOOKMARK [3][-]{subsubsection.8.3.1}{Presentation tier\(presentation\)}{subsection.8.3}% 53
\BOOKMARK [3][-]{subsubsection.8.3.2}{Logic tier\(application\)}{subsection.8.3}% 54
\BOOKMARK [3][-]{subsubsection.8.3.3}{ Data tier\(Database\)}{subsection.8.3}% 55
\BOOKMARK [1][-]{section.9}{Architectural tactics or strategies}{}% 56
\BOOKMARK [1][-]{section.10}{Use of reference architectures and frameworks}{}% 57
\BOOKMARK [1][-]{section.11}{Access and integration channels}{}% 58
\BOOKMARK [1][-]{section.12}{Technologies}{}% 59
