\BOOKMARK [1][-]{section.1}{Introduction}{}% 1
\BOOKMARK [1][-]{section.2}{Architecture Requirements}{}% 2
\BOOKMARK [2][-]{subsection.2.1}{Architectural Scope}{section.2}% 3
\BOOKMARK [2][-]{subsection.2.2}{Quality Requirements}{section.2}% 4
\BOOKMARK [3][-]{subsubsection.2.2.1}{Critical:}{subsection.2.2}% 5
\BOOKMARK [3][-]{subsubsection.2.2.2}{Important:}{subsection.2.2}% 6
\BOOKMARK [3][-]{subsubsection.2.2.3}{Nice to have:}{subsection.2.2}% 7
\BOOKMARK [2][-]{subsection.2.3}{Architectural Constraints}{section.2}% 8
\BOOKMARK [1][-]{section.3}{Architecture Patterns or Styles}{}% 9
\BOOKMARK [2][-]{subsection.3.1}{Layered Architectural Strategy}{section.3}% 10
\BOOKMARK [1][-]{section.4}{Architectural strategies and tactics}{}% 11
\BOOKMARK [1][-]{section.5}{Use of reference architectures and frameworks}{}% 12
\BOOKMARK [1][-]{section.6}{Access and integration channels}{}% 13
\BOOKMARK [2][-]{subsection.6.1}{Human access channels}{section.6}% 14
\BOOKMARK [2][-]{subsection.6.2}{System access channels}{section.6}% 15
\BOOKMARK [2][-]{subsection.6.3}{Integration Channel Used}{section.6}% 16
\BOOKMARK [3][-]{subsubsection.6.3.1}{REST - Representational State Transfer}{subsection.6.3}% 17
\BOOKMARK [2][-]{subsection.6.4}{Protocols}{section.6}% 18
\BOOKMARK [3][-]{subsubsection.6.4.1}{HTTP - Hypertext Transfer Protocol}{subsection.6.4}% 19
\BOOKMARK [3][-]{subsubsection.6.4.2}{IP - Internet Protocol}{subsection.6.4}% 20
\BOOKMARK [3][-]{subsubsection.6.4.3}{SMTP - Simple Mail Transfer Protocol}{subsection.6.4}% 21
\BOOKMARK [3][-]{subsubsection.6.4.4}{TSL - Transport Layer Security}{subsection.6.4}% 22
\BOOKMARK [1][-]{section.7}{Technologies}{}% 23
\BOOKMARK [2][-]{subsection.7.1}{Programming technologies}{section.7}% 24
\BOOKMARK [3][-]{subsubsection.7.1.1}{Android Studio}{subsection.7.1}% 25
\BOOKMARK [3][-]{subsubsection.7.1.2}{MySql}{subsection.7.1}% 26
\BOOKMARK [3][-]{subsubsection.7.1.3}{SQLite}{subsection.7.1}% 27
\BOOKMARK [2][-]{subsection.7.2}{Web technologies}{section.7}% 28
\BOOKMARK [3][-]{subsubsection.7.2.1}{RESTful web service}{subsection.7.2}% 29
