\BOOKMARK [1][-]{section.1}{Introduction}{}% 1
\BOOKMARK [1][-]{section.2}{Architecture Requirements}{}% 2
\BOOKMARK [1][-]{section.3}{Architecture Patterns or Styles}{}% 3
\BOOKMARK [2][-]{subsection.3.1}{Layered Architectural Strategy}{section.3}% 4
\BOOKMARK [1][-]{section.4}{Architectural strategies and tactics}{}% 5
\BOOKMARK [1][-]{section.5}{Use of reference architectures and frameworks}{}% 6
\BOOKMARK [1][-]{section.6}{Access and integration channels}{}% 7
\BOOKMARK [2][-]{subsection.6.1}{Human access channels}{section.6}% 8
\BOOKMARK [2][-]{subsection.6.2}{System access channels}{section.6}% 9
\BOOKMARK [2][-]{subsection.6.3}{Integration Channel Used}{section.6}% 10
\BOOKMARK [3][-]{subsubsection.6.3.1}{REST - Representational State Transfer}{subsection.6.3}% 11
\BOOKMARK [2][-]{subsection.6.4}{Protocols}{section.6}% 12
\BOOKMARK [3][-]{subsubsection.6.4.1}{HTTP - Hypertext Transfer Protocol}{subsection.6.4}% 13
\BOOKMARK [3][-]{subsubsection.6.4.2}{IP - Internet Protocol}{subsection.6.4}% 14
\BOOKMARK [3][-]{subsubsection.6.4.3}{SMTP - Simple Mail Transfer Protocol}{subsection.6.4}% 15
\BOOKMARK [3][-]{subsubsection.6.4.4}{TSL - Transport Layer Security}{subsection.6.4}% 16
\BOOKMARK [1][-]{section.7}{Technologies}{}% 17
\BOOKMARK [2][-]{subsection.7.1}{Programming technologies}{section.7}% 18
\BOOKMARK [3][-]{subsubsection.7.1.1}{Android Studio}{subsection.7.1}% 19
\BOOKMARK [3][-]{subsubsection.7.1.2}{MySQL}{subsection.7.1}% 20
\BOOKMARK [3][-]{subsubsection.7.1.3}{SQLite}{subsection.7.1}% 21
\BOOKMARK [2][-]{subsection.7.2}{Web technologies}{section.7}% 22
\BOOKMARK [3][-]{subsubsection.7.2.1}{RESTful web service}{subsection.7.2}% 23
